2023-10-04 00:46:12,019 - train - INFO - LSTM(
  (lstm): LSTM(1, 50, dropout=0.2)
  (linear): Linear(in_features=50, out_features=1, bias=True)
)
2023-10-04 00:46:50,265 - trainer - INFO -     epoch          : 1
2023-10-04 00:46:50,265 - trainer - INFO -     loss           : 0.20239123078623536
2023-10-04 00:46:50,265 - trainer - INFO -     val_loss       : 0.19970170712487947
2023-10-04 00:46:50,273 - trainer - INFO - Saving checkpoint: saved/models/LSTMmodel/1004_004611/checkpoint-epoch1.pth ...
2023-10-04 00:46:50,277 - trainer - INFO - Saving current best: model_best.pth ...
2023-10-04 00:47:21,231 - trainer - INFO -     epoch          : 2
2023-10-04 00:47:21,232 - trainer - INFO -     loss           : 0.200238696941788
2023-10-04 00:47:21,232 - trainer - INFO -     val_loss       : 0.20079686858213858
2023-10-04 00:47:21,237 - trainer - INFO - Saving checkpoint: saved/models/LSTMmodel/1004_004611/checkpoint-epoch2.pth ...
2023-10-04 00:47:48,997 - trainer - INFO -     epoch          : 3
2023-10-04 00:47:48,998 - trainer - INFO -     loss           : 0.198156825383233
2023-10-04 00:47:48,998 - trainer - INFO -     val_loss       : 0.19591237152630625
2023-10-04 00:47:49,002 - trainer - INFO - Saving checkpoint: saved/models/LSTMmodel/1004_004611/checkpoint-epoch3.pth ...
2023-10-04 00:47:49,005 - trainer - INFO - Saving current best: model_best.pth ...
2023-10-04 00:48:18,936 - trainer - INFO -     epoch          : 4
2023-10-04 00:48:18,938 - trainer - INFO -     loss           : 0.19719980567998244
2023-10-04 00:48:18,938 - trainer - INFO -     val_loss       : 0.1956552844273016
2023-10-04 00:48:18,945 - trainer - INFO - Saving checkpoint: saved/models/LSTMmodel/1004_004611/checkpoint-epoch4.pth ...
2023-10-04 00:48:18,949 - trainer - INFO - Saving current best: model_best.pth ...
2023-10-04 00:48:48,198 - trainer - INFO -     epoch          : 5
2023-10-04 00:48:48,198 - trainer - INFO -     loss           : 0.19709319789156682
2023-10-04 00:48:48,198 - trainer - INFO -     val_loss       : 0.1944859492065432
2023-10-04 00:48:48,207 - trainer - INFO - Saving checkpoint: saved/models/LSTMmodel/1004_004611/checkpoint-epoch5.pth ...
2023-10-04 00:48:48,212 - trainer - INFO - Saving current best: model_best.pth ...
