2023-09-27 11:23:11,969 - train - INFO - LSTM(
  (lstm): LSTM(1, 50, dropout=0.2)
  (linear): Linear(in_features=50, out_features=1, bias=True)
)
2023-09-27 11:23:54,054 - trainer - INFO -     epoch          : 1
2023-09-27 11:23:54,055 - trainer - INFO -     loss           : 0.20392087951608723
2023-09-27 11:23:54,055 - trainer - INFO -     val_loss       : 0.20092752685942122
2023-09-27 11:23:54,063 - trainer - INFO - Saving checkpoint: saved/models/LSTMmodel/0927_112311/checkpoint-epoch1.pth ...
2023-09-27 11:23:54,066 - trainer - INFO - Saving current best: model_best.pth ...
2023-09-27 11:24:26,697 - trainer - INFO -     epoch          : 2
2023-09-27 11:24:26,699 - trainer - INFO -     loss           : 0.20117972014990723
2023-09-27 11:24:26,699 - trainer - INFO -     val_loss       : 0.20187865900365623
2023-09-27 11:24:26,703 - trainer - INFO - Saving checkpoint: saved/models/LSTMmodel/0927_112311/checkpoint-epoch2.pth ...
2023-09-27 11:25:01,016 - trainer - INFO -     epoch          : 3
2023-09-27 11:25:01,017 - trainer - INFO -     loss           : 0.19951471587709907
2023-09-27 11:25:01,017 - trainer - INFO -     val_loss       : 0.19509748073165165
2023-09-27 11:25:01,020 - trainer - INFO - Saving checkpoint: saved/models/LSTMmodel/0927_112311/checkpoint-epoch3.pth ...
2023-09-27 11:25:01,022 - trainer - INFO - Saving current best: model_best.pth ...
2023-09-27 11:25:33,682 - trainer - INFO -     epoch          : 4
2023-09-27 11:25:33,682 - trainer - INFO -     loss           : 0.1999491476467188
2023-09-27 11:25:33,682 - trainer - INFO -     val_loss       : 0.19931090576395633
2023-09-27 11:25:33,686 - trainer - INFO - Saving checkpoint: saved/models/LSTMmodel/0927_112311/checkpoint-epoch4.pth ...
2023-09-27 11:26:06,252 - trainer - INFO -     epoch          : 5
2023-09-27 11:26:06,254 - trainer - INFO -     loss           : 0.1999549913143514
2023-09-27 11:26:06,254 - trainer - INFO -     val_loss       : 0.19776646098965575
2023-09-27 11:26:06,258 - trainer - INFO - Saving checkpoint: saved/models/LSTMmodel/0927_112311/checkpoint-epoch5.pth ...
