2023-10-04 03:57:26,003 - train - INFO - GRU(
  (gru): GRU(1, 50, batch_first=True, dropout=0.2)
  (fc_1): Linear(in_features=50, out_features=128, bias=True)
  (fc): Linear(in_features=128, out_features=1, bias=True)
  (relu): ReLU()
)
2023-10-04 03:57:59,766 - trainer - INFO -     epoch          : 1
2023-10-04 03:57:59,767 - trainer - INFO -     loss           : 0.20445774134318445
2023-10-04 03:57:59,768 - trainer - INFO -     val_loss       : 0.201855510089773
2023-10-04 03:57:59,777 - trainer - INFO - Saving checkpoint: saved/models/GRUmodel/1004_035725/checkpoint-epoch1.pth ...
2023-10-04 03:57:59,781 - trainer - INFO - Saving current best: model_best.pth ...
2023-10-04 03:58:28,106 - trainer - INFO -     epoch          : 2
2023-10-04 03:58:28,107 - trainer - INFO -     loss           : 0.20453433641553637
2023-10-04 03:58:28,107 - trainer - INFO -     val_loss       : 0.20405663780396743
2023-10-04 03:58:28,112 - trainer - INFO - Saving checkpoint: saved/models/GRUmodel/1004_035725/checkpoint-epoch2.pth ...
2023-10-04 03:58:55,919 - trainer - INFO -     epoch          : 3
2023-10-04 03:58:55,920 - trainer - INFO -     loss           : 0.20391032355855626
2023-10-04 03:58:55,921 - trainer - INFO -     val_loss       : 0.20303983466784492
2023-10-04 03:58:55,926 - trainer - INFO - Saving checkpoint: saved/models/GRUmodel/1004_035725/checkpoint-epoch3.pth ...
2023-10-04 03:59:23,781 - trainer - INFO -     epoch          : 4
2023-10-04 03:59:23,782 - trainer - INFO -     loss           : 0.20401846379583197
2023-10-04 03:59:23,782 - trainer - INFO -     val_loss       : 0.2043015859524556
2023-10-04 03:59:23,788 - trainer - INFO - Saving checkpoint: saved/models/GRUmodel/1004_035725/checkpoint-epoch4.pth ...
2023-10-04 03:59:52,039 - trainer - INFO -     epoch          : 5
2023-10-04 03:59:52,040 - trainer - INFO -     loss           : 0.20406366728446754
2023-10-04 03:59:52,040 - trainer - INFO -     val_loss       : 0.1992209993215854
2023-10-04 03:59:52,046 - trainer - INFO - Saving checkpoint: saved/models/GRUmodel/1004_035725/checkpoint-epoch5.pth ...
2023-10-04 03:59:52,050 - trainer - INFO - Saving current best: model_best.pth ...
